2021-09-14 17:13:40 [scrapy] DEBUG: Crawled (200) <GET https://www.lazada.com.my/robots.txt> (referer: None)
2021-09-14 17:13:41 [scrapy] DEBUG: Crawled (200) <GET https://www.lazada.com.my/products/rorec-white-rice-beauty-moisturizing-facial-mask-i520004656-s1008020131.html> (referer: None)
2021-09-14 17:13:41 [scrapy] DEBUG: Scraped from <200 https://www.lazada.com.my/products/rorec-white-rice-beauty-moisturizing-facial-mask-i520004656-s1008020131.html>
{'url': 'https://www.lazada.com.my/products/rorec-white-rice-beauty-moisturizing-facial-mask-i520004656.html', 'title': 'ROREC White Rice Beauty Moisturizing Facial Mask', 'type': 'product', 'description': 'Buy ROREC White Rice Beauty Moisturizing Facial Mask online at Lazada Malaysia. Discount prices and promotional sale on all Skin Care. Free Shipping.', 'image': 'https://my-live-05.slatic.net/p/81a2e9a34f1c3d41fe2cbb3b3d756d46.jpg_720x720q80.jpg_.webp'}
2021-09-14 17:13:41 [scrapy] INFO: Closing spider (finished)
2021-09-14 17:13:41 [scrapy] INFO: Dumping Scrapy stats:
{'downloader/request_bytes': 529,
 'downloader/request_count': 2,
 'downloader/request_method_count/GET': 2,
 'downloader/response_bytes': 78150,
 'downloader/response_count': 2,
 'downloader/response_status_count/200': 2,
 'elapsed_time_seconds': 0.779877,
 'finish_reason': 'finished',
 'finish_time': datetime.datetime(2021, 9, 14, 9, 13, 41, 548308),
 'httpcompression/response_bytes': 362412,
 'httpcompression/response_count': 1,
 'item_scraped_count': 1,
 'log_count/DEBUG': 3,
 'log_count/INFO': 7,
 'memusage/max': 45473792,
 'memusage/startup': 45473792,
 'response_received_count': 2,
 'robotstxt/request_count': 1,
 'robotstxt/response_count': 1,
 'robotstxt/response_status_count/200': 1,
 'scheduler/dequeued': 1,
 'scheduler/dequeued/memory': 1,
 'scheduler/enqueued': 1,
 'scheduler/enqueued/memory': 1,
 'start_time': datetime.datetime(2021, 9, 14, 9, 13, 40, 768431)}
2021-09-14 17:13:41 [scrapy] INFO: Spider closed (finished)
