2021-09-14 17:14:30 [scrapy] DEBUG: Crawled (200) <GET https://www.lazada.com.my/robots.txt> (referer: None)
2021-09-14 17:14:30 [scrapy] DEBUG: Redirecting (302) to <GET https://www.lazada.com.my/shop/rorec-malaysia?tab=promotion&path=promotion-29016-0.htm&tab=promotion> from <GET https://www.lazada.com.my/shop/rorec-malaysia?tab=promotion>
2021-09-14 17:14:30 [scrapy] DEBUG: Crawled (200) <GET https://www.lazada.com.my/shop/rorec-malaysia?tab=promotion&path=promotion-29016-0.htm&tab=promotion> (referer: None)
2021-09-14 17:14:30 [scrapy] DEBUG: Scraped from <200 https://www.lazada.com.my/shop/rorec-malaysia?tab=promotion&path=promotion-29016-0.htm&tab=promotion>
{'url': 'https://www.lazada.com.my/shop/rorec-malaysia', 'title': 'ROREC Malaysia | MY', 'type': 'website', 'description': 'Shop online with ROREC Malaysia now! Visit ROREC Malaysia on Lazada.', 'image': 'https://my-test-11.slatic.net/shop/29fc4c4ef062d74532fcaeef8346b7e9.jpeg_200x200.jpg'}
2021-09-14 17:14:30 [scrapy] INFO: Closing spider (finished)
2021-09-14 17:14:30 [scrapy] INFO: Dumping Scrapy stats:
{'downloader/request_bytes': 844,
 'downloader/request_count': 3,
 'downloader/request_method_count/GET': 3,
 'downloader/response_bytes': 43510,
 'downloader/response_count': 3,
 'downloader/response_status_count/200': 2,
 'downloader/response_status_count/302': 1,
 'elapsed_time_seconds': 0.456356,
 'finish_reason': 'finished',
 'finish_time': datetime.datetime(2021, 9, 14, 9, 14, 30, 495117),
 'httpcompression/response_bytes': 317783,
 'httpcompression/response_count': 1,
 'item_scraped_count': 1,
 'log_count/DEBUG': 4,
 'log_count/INFO': 7,
 'memusage/max': 53493760,
 'memusage/startup': 53493760,
 'response_received_count': 2,
 'robotstxt/request_count': 1,
 'robotstxt/response_count': 1,
 'robotstxt/response_status_count/200': 1,
 'scheduler/dequeued': 2,
 'scheduler/dequeued/memory': 2,
 'scheduler/enqueued': 2,
 'scheduler/enqueued/memory': 2,
 'start_time': datetime.datetime(2021, 9, 14, 9, 14, 30, 38761)}
2021-09-14 17:14:30 [scrapy] INFO: Spider closed (finished)
